# JRE version: Java(TM) SE Runtime Environment (8.0_25-b18) (build 1.8.0_25-b18)
# Java VM: Java HotSpot(TM) 64-Bit Server VM (25.25-b02 mixed mode windows-amd64 compressed oops)
Heap:
 PSYoungGen      total 66048K, used 5001K [0x00000000eab00000, 0x00000000f1780000, 0x0000000100000000)
  eden space 63488K, 7% used [0x00000000eab00000,0x00000000eafe2660,0x00000000ee900000)
  from space 2560K, 0% used [0x00000000ee900000,0x00000000ee900000,0x00000000eeb80000)
  to   space 23552K, 0% used [0x00000000f0080000,0x00000000f0080000,0x00000000f1780000)
 ParOldGen       total 97792K, used 41267K [0x00000000c0000000, 0x00000000c5f80000, 0x00000000eab00000)
  object space 97792K, 42% used [0x00000000c0000000,0x00000000c284cf70,0x00000000c5f80000)
 Metaspace       used 5875K, capacity 6896K, committed 7040K, reserved 1056768K
  class space    used 584K, capacity 616K, committed 640K, reserved 1048576K
GC Heap History (10 events):
Event: 8.473 GC heap before
{Heap before GC invocations=6 (full 1):
 PSYoungGen      total 46592K, used 46560K [0x00000000eab00000, 0x00000000eee00000, 0x0000000100000000)
  eden space 44032K, 100% used [0x00000000eab00000,0x00000000ed600000,0x00000000ed600000)
  from space 2560K, 98% used [0x00000000eeb80000,0x00000000eedf8010,0x00000000eee00000)
  to   space 2560K, 0% used [0x00000000ee900000,0x00000000ee900000,0x00000000eeb80000)
 ParOldGen       total 69632K, used 35181K [0x00000000c0000000, 0x00000000c4400000, 0x00000000eab00000)
  object space 69632K, 50% used [0x00000000c0000000,0x00000000c225b440,0x00000000c4400000)
 Metaspace       used 5828K, capacity 6896K, committed 7040K, reserved 1056768K
  class space    used 584K, capacity 616K, committed 640K, reserved 1048576K
Event: 8.802 GC heap after
Heap after GC invocations=6 (full 1):
 PSYoungGen      total 66048K, used 2560K [0x00000000eab00000, 0x00000000f1780000, 0x0000000100000000)
  eden space 63488K, 0% used [0x00000000eab00000,0x00000000eab00000,0x00000000ee900000)
  from space 2560K, 100% used [0x00000000ee900000,0x00000000eeb80000,0x00000000eeb80000)
  to   space 23552K, 0% used [0x00000000f0080000,0x00000000f0080000,0x00000000f1780000)
 ParOldGen       total 69632K, used 51419K [0x00000000c0000000, 0x00000000c4400000, 0x00000000eab00000)
  object space 69632K, 73% used [0x00000000c0000000,0x00000000c3236f68,0x00000000c4400000)
 Metaspace       used 5828K, capacity 6896K, committed 7040K, reserved 1056768K
  class space    used 584K, capacity 616K, committed 640K, reserved 1048576K
}
Event: 8.802 GC heap before
{Heap before GC invocations=7 (full 2):
 PSYoungGen      total 66048K, used 2560K [0x00000000eab00000, 0x00000000f1780000, 0x0000000100000000)
  eden space 63488K, 0% used [0x00000000eab00000,0x00000000eab00000,0x00000000ee900000)
  from space 2560K, 100% used [0x00000000ee900000,0x00000000eeb80000,0x00000000eeb80000)
  to   space 23552K, 0% used [0x00000000f0080000,0x00000000f0080000,0x00000000f1780000)
 ParOldGen       total 69632K, used 51419K [0x00000000c0000000, 0x00000000c4400000, 0x00000000eab00000)
  object space 69632K, 73% used [0x00000000c0000000,0x00000000c3236f68,0x00000000c4400000)
 Metaspace       used 5828K, capacity 6896K, committed 7040K, reserved 1056768K
  class space    used 584K, capacity 616K, committed 640K, reserved 1048576K
Event: 9.432 GC heap after
Heap after GC invocations=7 (full 2):
 PSYoungGen      total 66048K, used 0K [0x00000000eab00000, 0x00000000f1780000, 0x0000000100000000)
  eden space 63488K, 0% used [0x00000000eab00000,0x00000000eab00000,0x00000000ee900000)
  from space 2560K, 0% used [0x00000000ee900000,0x00000000ee900000,0x00000000eeb80000)
  to   space 23552K, 0% used [0x00000000f0080000,0x00000000f0080000,0x00000000f1780000)
 ParOldGen       total 97792K, used 36662K [0x00000000c0000000, 0x00000000c5f80000, 0x00000000eab00000)
  object space 97792K, 37% used [0x00000000c0000000,0x00000000c23cdaf8,0x00000000c5f80000)
 Metaspace       used 5828K, capacity 6896K, committed 7040K, reserved 1056768K
  class space    used 584K, capacity 616K, committed 640K, reserved 1048576K
}
Event: 10.946 GC heap before
{Heap before GC invocations=8 (full 2):
 PSYoungGen      total 66048K, used 63488K [0x00000000eab00000, 0x00000000f1780000, 0x0000000100000000)
  eden space 63488K, 100% used [0x00000000eab00000,0x00000000ee900000,0x00000000ee900000)
  from space 2560K, 0% used [0x00000000ee900000,0x00000000ee900000,0x00000000eeb80000)
  to   space 23552K, 0% used [0x00000000f0080000,0x00000000f0080000,0x00000000f1780000)
 ParOldGen       total 97792K, used 36662K [0x00000000c0000000, 0x00000000c5f80000, 0x00000000eab00000)
  object space 97792K, 37% used [0x00000000c0000000,0x00000000c23cdaf8,0x00000000c5f80000)
 Metaspace       used 5859K, capacity 6896K, committed 7040K, reserved 1056768K
  class space    used 584K, capacity 616K, committed 640K, reserved 1048576K
Event: 11.338 GC heap after
Heap after GC invocations=8 (full 2):
 PSYoungGen      total 87040K, used 23546K [0x00000000eab00000, 0x00000000f1780000, 0x0000000100000000)
  eden space 63488K, 0% used [0x00000000eab00000,0x00000000eab00000,0x00000000ee900000)
  from space 23552K, 99% used [0x00000000f0080000,0x00000000f177e818,0x00000000f1780000)
  to   space 2560K, 0% used [0x00000000ee900000,0x00000000ee900000,0x00000000eeb80000)
 ParOldGen       total 97792K, used 46900K [0x00000000c0000000, 0x00000000c5f80000, 0x00000000eab00000)
  object space 97792K, 47% used [0x00000000c0000000,0x00000000c2dcd3e0,0x00000000c5f80000)
 Metaspace       used 5859K, capacity 6896K, committed 7040K, reserved 1056768K
  class space    used 584K, capacity 616K, committed 640K, reserved 1048576K
}
Event: 12.592 GC heap before
{Heap before GC invocations=9 (full 2):
 PSYoungGen      total 87040K, used 87034K [0x00000000eab00000, 0x00000000f1780000, 0x0000000100000000)
  eden space 63488K, 100% used [0x00000000eab00000,0x00000000ee900000,0x00000000ee900000)
  from space 23552K, 99% used [0x00000000f0080000,0x00000000f177e818,0x00000000f1780000)
  to   space 2560K, 0% used [0x00000000ee900000,0x00000000ee900000,0x00000000eeb80000)
 ParOldGen       total 97792K, used 46900K [0x00000000c0000000, 0x00000000c5f80000, 0x00000000eab00000)
  object space 97792K, 47% used [0x00000000c0000000,0x00000000c2dcd3e0,0x00000000c5f80000)
 Metaspace       used 5875K, capacity 6896K, committed 7040K, reserved 1056768K
  class space    used 584K, capacity 616K, committed 640K, reserved 1048576K
Event: 13.015 GC heap after
Heap after GC invocations=9 (full 2):
 PSYoungGen      total 66048K, used 2541K [0x00000000eab00000, 0x00000000f1780000, 0x0000000100000000)
  eden space 63488K, 0% used [0x00000000eab00000,0x00000000eab00000,0x00000000ee900000)
  from space 2560K, 99% used [0x00000000ee900000,0x00000000eeb7b788,0x00000000eeb80000)
  to   space 23552K, 0% used [0x00000000f0080000,0x00000000f0080000,0x00000000f1780000)
 ParOldGen       total 97792K, used 73860K [0x00000000c0000000, 0x00000000c5f80000, 0x00000000eab00000)
  object space 97792K, 75% used [0x00000000c0000000,0x00000000c48212a0,0x00000000c5f80000)
 Metaspace       used 5875K, capacity 6896K, committed 7040K, reserved 1056768K
  class space    used 584K, capacity 616K, committed 640K, reserved 1048576K
}
Event: 13.015 GC heap before
{Heap before GC invocations=10 (full 3):
 PSYoungGen      total 66048K, used 2541K [0x00000000eab00000, 0x00000000f1780000, 0x0000000100000000)
  eden space 63488K, 0% used [0x00000000eab00000,0x00000000eab00000,0x00000000ee900000)
  from space 2560K, 99% used [0x00000000ee900000,0x00000000eeb7b788,0x00000000eeb80000)
  to   space 23552K, 0% used [0x00000000f0080000,0x00000000f0080000,0x00000000f1780000)
 ParOldGen       total 97792K, used 73860K [0x00000000c0000000, 0x00000000c5f80000, 0x00000000eab00000)
  object space 97792K, 75% used [0x00000000c0000000,0x00000000c48212a0,0x00000000c5f80000)
 Metaspace       used 5875K, capacity 6896K, committed 7040K, reserved 1056768K
  class space    used 584K, capacity 616K, committed 640K, reserved 1048576K
Event: 14.329 GC heap after
Heap after GC invocations=10 (full 3):
 PSYoungGen      total 66048K, used 0K [0x00000000eab00000, 0x00000000f1780000, 0x0000000100000000)
  eden space 63488K, 0% used [0x00000000eab00000,0x00000000eab00000,0x00000000ee900000)
  from space 2560K, 0% used [0x00000000ee900000,0x00000000ee900000,0x00000000eeb80000)
  to   space 23552K, 0% used [0x00000000f0080000,0x00000000f0080000,0x00000000f1780000)
 ParOldGen       total 97792K, used 41267K [0x00000000c0000000, 0x00000000c5f80000, 0x00000000eab00000)
  object space 97792K, 42% used [0x00000000c0000000,0x00000000c284cf70,0x00000000c5f80000)
 Metaspace       used 5875K, capacity 6896K, committed 7040K, reserved 1056768K
  class space    used 584K, capacity 616K, committed 640K, reserved 1048576K
}

